c:\users\savel\source\repos\oop\resources\maincut\x64\debug\vc143.pdb
c:\users\savel\source\repos\oop\resources\maincut\x64\debug\vc143.idb
c:\users\savel\source\repos\oop\resources\maincut\x64\debug\lab_7.obj
c:\users\savel\source\repos\oop\resources\maincut\x64\debug\lab_6.obj
c:\users\savel\source\repos\oop\resources\maincut\x64\debug\lab_5.obj
c:\users\savel\source\repos\oop\resources\maincut\x64\debug\lab_4.obj
c:\users\savel\source\repos\oop\resources\maincut\x64\debug\lab_3.obj
c:\users\savel\source\repos\oop\resources\maincut\x64\debug\lab_2.obj
c:\users\savel\source\repos\oop\resources\maincut\x64\debug\class_7.obj
c:\users\savel\source\repos\oop\resources\maincut\x64\debug\class_7.2.obj
c:\users\savel\source\repos\oop\resources\maincut\x64\debug\class_7.1.obj
c:\users\savel\source\repos\oop\resources\maincut\x64\debug\class_6.obj
c:\users\savel\source\repos\oop\resources\maincut\x64\debug\class_6.1.obj
c:\users\savel\source\repos\oop\resources\maincut\x64\debug\class_5.obj
c:\users\savel\source\repos\oop\resources\maincut\x64\debug\class_4.obj
c:\users\savel\source\repos\oop\resources\maincut\x64\debug\class_4.1.obj
c:\users\savel\source\repos\oop\resources\maincut\x64\debug\class_3.obj
c:\users\savel\source\repos\oop\resources\maincut\x64\debug\class_3.1.obj
c:\users\savel\source\repos\oop\resources\maincut\x64\debug\class_2.obj
c:\users\savel\source\repos\oop\resources\maincut\x64\debug\class_1.obj
c:\users\savel\source\repos\oop\resources\maincut\x64\debug\lab_1.obj
c:\users\savel\source\repos\oop\resources\x64\debug\maincut.exe
c:\users\savel\source\repos\oop\resources\x64\debug\maincut.pdb
c:\users\savel\source\repos\oop\resources\maincut\x64\debug\maincut.ilk
c:\users\savel\source\repos\oop\resources\maincut\x64\debug\maincut.obj
c:\users\savel\source\repos\oop\resources\maincut\x64\debug\maincut.tlog\cl.command.1.tlog
c:\users\savel\source\repos\oop\resources\maincut\x64\debug\maincut.tlog\cl.items.tlog
c:\users\savel\source\repos\oop\resources\maincut\x64\debug\maincut.tlog\cl.read.1.tlog
c:\users\savel\source\repos\oop\resources\maincut\x64\debug\maincut.tlog\cl.write.1.tlog
c:\users\savel\source\repos\oop\resources\maincut\x64\debug\maincut.tlog\link.command.1.tlog
c:\users\savel\source\repos\oop\resources\maincut\x64\debug\maincut.tlog\link.read.1.tlog
c:\users\savel\source\repos\oop\resources\maincut\x64\debug\maincut.tlog\link.secondary.1.tlog
c:\users\savel\source\repos\oop\resources\maincut\x64\debug\maincut.tlog\link.write.1.tlog
